TpTrace Verbose: 0 : 23028, 1, 2023/04/21, 17:27:40.908, 13063949585514, datacollector.dll, Version: 17.4.0-release-20221019-01
TpTrace Information: 0 : 23028, 1, 2023/04/21, 17:27:40.911, 13063949623293, datacollector.dll, DataCollectorMain.Run: Starting data collector run with args: --port,53262,--parentprocessid,23224,--diag,C:\Users\Radostina Anastasova\source\repos\AppiumCalculatorTest\AppiumCalculatorTest\bin\Debug\net6.0\fine-code-coverage\coverage-tool-output\diagnostics.datacollector.23-04-21_17-27-40_81336_1.log,--tracelevel,4
TpTrace Information: 0 : 23028, 1, 2023/04/21, 17:27:40.912, 13063949625551, datacollector.dll, DataCollector: Monitoring parent process with id: '23224'
TpTrace Information: 0 : 23028, 1, 2023/04/21, 17:27:40.915, 13063949659897, datacollector.dll, Trying to connect to server on socket : 127.0.0.1:53262 
TpTrace Verbose: 0 : 23028, 1, 2023/04/21, 17:27:40.921, 13063949721586, datacollector.dll, SocketCommunicationManager : SetupClientAsync : Attempting to connect to the server.
TpTrace Information: 0 : 23028, 6, 2023/04/21, 17:27:40.928, 13063949785189, datacollector.dll, Connected to the server successfully 
TpTrace Information: 0 : 23028, 6, 2023/04/21, 17:27:40.928, 13063949785917, datacollector.dll, Using the buffer size of 16384 bytes
TpTrace Information: 0 : 23028, 1, 2023/04/21, 17:27:40.994, 13063950445526, datacollector.dll, DataCollector: Start Request Processing.
TpTrace Verbose: 0 : 23028, 1, 2023/04/21, 17:27:40.994, 13063950447294, datacollector.dll, SocketCommunicationManager.WaitForServerConnection took: 0 ms, with 90000 ms timeout, and finished with True.
TpTrace Information: 0 : 23028, 1, 2023/04/21, 17:27:40.994, 13063950449363, datacollector.dll, DataCollectionRequestHandler.ProcessRequests: Datacollector received message: (DataCollection.BeforeTestRunStart) -> {"MessageType":"DataCollection.BeforeTestRunStart","Payload":{"SettingsXml":"<RunSettings><RunConfiguration><ResultsDirectory>C:\\Users\\Radostina Anastasova\\source\\repos\\AppiumCalculatorTest\\AppiumCalculatorTest\\bin\\Debug\\net6.0\\fine-code-coverage\\coverage-tool-output</ResultsDirectory><TargetPlatform>X64</TargetPlatform><TargetFrameworkVersion>.NETCoreApp,Version=v6.0</TargetFrameworkVersion><DesignMode>False</DesignMode><CollectSourceInformation>False</CollectSourceInformation><TestAdaptersPaths>C:\\Program Files\\dotnet\\sdk\\7.0.103\\Extensions</TestAdaptersPaths></RunConfiguration><LoggerRunSettings><Loggers><Logger friendlyName=\"blame\" enabled=\"True\" /><Logger friendlyName=\"Console\" uri=\"logger://microsoft/TestPlatform/ConsoleLogger/v1\" assemblyQualifiedName=\"Microsoft.VisualStudio.TestPlatform.CommandLine.Internal.ConsoleLogger, vstest.console, Version=15.0.0.0, Culture=neutral, PublicKeyToken=b03f5f7f11d50a3a\" codeBase=\"C:\\Program Files\\dotnet\\sdk\\7.0.103\\vstest.console.dll\" enabled=\"True\" /></Loggers></LoggerRunSettings><DataCollectionRunSettings><DataCollectors><DataCollector friendlyName=\"blame\" enabled=\"True\"><Configuration><ResultsDirectory>C:\\Users\\Radostina Anastasova\\source\\repos\\AppiumCalculatorTest\\AppiumCalculatorTest\\bin\\Debug\\net6.0\\fine-code-coverage\\coverage-tool-output</ResultsDirectory></Configuration></DataCollector></DataCollectors></DataCollectionRunSettings></RunSettings>","Sources":["C:\\Users\\Radostina Anastasova\\source\\repos\\AppiumCalculatorTest\\AppiumCalculatorTest\\bin\\Debug\\net6.0\\fine-code-coverage\\build-output\\AppiumCalculatorTests.dll"],"IsTelemetryOptedIn":false}}
TpTrace Verbose: 0 : 23028, 1, 2023/04/21, 17:27:41.028, 13063950792755, datacollector.dll, TestPluginCache: Update extensions started. Skip filter = False
TpTrace Verbose: 0 : 23028, 1, 2023/04/21, 17:27:41.029, 13063950799076, datacollector.dll, TestPluginCache: Using directories for assembly resolution 'C:\Program Files\dotnet\sdk\7.0.103\Extensions'.
TpTrace Verbose: 0 : 23028, 1, 2023/04/21, 17:27:41.029, 13063950799624, datacollector.dll, TestPluginCache: Updated the available extensions to 'C:\Program Files\dotnet\sdk\7.0.103\Extensions\Microsoft.TestPlatform.Extensions.BlameDataCollector.dll,C:\Program Files\dotnet\sdk\7.0.103\Extensions\Microsoft.TestPlatform.Extensions.EventLogCollector.dll'.
TpTrace Verbose: 0 : 23028, 1, 2023/04/21, 17:27:41.034, 13063950849570, datacollector.dll, TestPluginCache.DiscoverTestExtensions: finding test extensions in assemblies ends with: Collector.dll TPluginInfo: Microsoft.VisualStudio.TestPlatform.Common.DataCollector.DataCollectorConfig TExtension: Microsoft.VisualStudio.TestPlatform.ObjectModel.DataCollection.DataCollector
TpTrace Verbose: 0 : 23028, 1, 2023/04/21, 17:27:41.034, 13063950851110, datacollector.dll, TestPluginCache.GetExtensionPaths: Filtered extension paths: C:\Program Files\dotnet\sdk\7.0.103\Extensions\Microsoft.TestPlatform.Extensions.BlameDataCollector.dll
C:\Program Files\dotnet\sdk\7.0.103\Extensions\Microsoft.TestPlatform.Extensions.EventLogCollector.dll
TpTrace Verbose: 0 : 23028, 1, 2023/04/21, 17:27:41.034, 13063950851442, datacollector.dll, TestPluginCache.GetExtensionPaths: Added default extension paths: 
TpTrace Verbose: 0 : 23028, 1, 2023/04/21, 17:27:41.034, 13063950851639, datacollector.dll, TestPluginCache.GetExtensionPaths: Added unfilterableExtensionPaths: 
TpTrace Information: 0 : 23028, 1, 2023/04/21, 17:27:41.035, 13063950856349, datacollector.dll, AssemblyResolver.ctor: Creating AssemblyResolver with searchDirectories C:\Program Files\dotnet\sdk\7.0.103\Extensions,C:\Program Files\dotnet\sdk\7.0.103
TpTrace Verbose: 0 : 23028, 1, 2023/04/21, 17:27:41.036, 13063950865606, datacollector.dll, TestPluginCache.DiscoverTestExtensions: Discovering the extensions using extension path.
TpTrace Verbose: 0 : 23028, 1, 2023/04/21, 17:27:41.036, 13063950866769, datacollector.dll, TestPluginCache.GetExtensionPaths: Filtered extension paths: C:\Program Files\dotnet\sdk\7.0.103\Extensions\Microsoft.TestPlatform.Extensions.BlameDataCollector.dll
C:\Program Files\dotnet\sdk\7.0.103\Extensions\Microsoft.TestPlatform.Extensions.EventLogCollector.dll
TpTrace Verbose: 0 : 23028, 1, 2023/04/21, 17:27:41.036, 13063950867130, datacollector.dll, TestPluginCache.GetExtensionPaths: Added default extension paths: 
TpTrace Verbose: 0 : 23028, 1, 2023/04/21, 17:27:41.036, 13063950867329, datacollector.dll, TestPluginCache.GetExtensionPaths: Added unfilterableExtensionPaths: 
TpTrace Verbose: 0 : 23028, 1, 2023/04/21, 17:27:41.036, 13063950867663, datacollector.dll, TestPluginCache.DiscoverTestExtensions: Discovering the extensions using allExtensionPaths: C:\Program Files\dotnet\sdk\7.0.103\Extensions\Microsoft.TestPlatform.Extensions.BlameDataCollector.dll
C:\Program Files\dotnet\sdk\7.0.103\Extensions\Microsoft.TestPlatform.Extensions.EventLogCollector.dll
TpTrace Information: 0 : 23028, 1, 2023/04/21, 17:27:41.036, 13063950868193, datacollector.dll, AssemblyResolver.AddSearchDirectories: Adding more searchDirectories C:\Program Files\dotnet\sdk\7.0.103\Extensions,C:\Program Files\dotnet\sdk\7.0.103
TpTrace Information: 0 : 23028, 1, 2023/04/21, 17:27:41.036, 13063950868612, datacollector.dll, AssemblyResolver.AddSearchDirectories: Adding more searchDirectories C:\Program Files\dotnet\sdk\7.0.103\Extensions,C:\Program Files\dotnet\sdk\7.0.103
TpTrace Information: 0 : 23028, 1, 2023/04/21, 17:27:41.036, 13063950871700, datacollector.dll, AssemblyResolver.OnResolve: Microsoft.TestPlatform.Extensions.BlameDataCollector: Resolving assembly.
TpTrace Information: 0 : 23028, 1, 2023/04/21, 17:27:41.036, 13063950872214, datacollector.dll, AssemblyResolver.OnResolve: Microsoft.TestPlatform.Extensions.BlameDataCollector: Searching in: 'C:\Program Files\dotnet\sdk\7.0.103\Extensions'.
TpTrace Information: 0 : 23028, 1, 2023/04/21, 17:27:41.042, 13063950931278, datacollector.dll, AssemblyResolver.OnResolve: Microsoft.TestPlatform.Extensions.BlameDataCollector: Loading assembly 'C:\Program Files\dotnet\sdk\7.0.103\Extensions\Microsoft.TestPlatform.Extensions.BlameDataCollector.dll'.
TpTrace Information: 0 : 23028, 1, 2023/04/21, 17:27:41.043, 13063950936494, datacollector.dll, AssemblyResolver.OnResolve: Resolved assembly: Microsoft.TestPlatform.Extensions.BlameDataCollector, from path: C:\Program Files\dotnet\sdk\7.0.103\Extensions\Microsoft.TestPlatform.Extensions.BlameDataCollector.dll
TpTrace Verbose: 0 : 23028, 1, 2023/04/21, 17:27:41.044, 13063950943889, datacollector.dll, MetadataReaderExtensionsHelper: Discovering extensions inside assembly 'Microsoft.TestPlatform.Extensions.BlameDataCollector, Version=15.0.0.0, Culture=neutral, PublicKeyToken=b03f5f7f11d50a3a' file path 'C:\Program Files\dotnet\sdk\7.0.103\Extensions\Microsoft.TestPlatform.Extensions.BlameDataCollector.dll'
TpTrace Error: 0 : 23028, 1, 2023/04/21, 17:27:41.046, 13063950964017, datacollector.dll, The type "Microsoft.TestPlatform.Extensions.BlameDataCollector.BlameCollector" defined in "Microsoft.TestPlatform.Extensions.BlameDataCollector.dll" does not have ExtensionUri attribute.
TpTrace Information: 0 : 23028, 1, 2023/04/21, 17:27:41.046, 13063950970309, datacollector.dll, GetTestExtensionFromType: Register extension with identifier data 'datacollector://microsoft/TestPlatform/Extensions/Blame/v1' and type 'Microsoft.TestPlatform.Extensions.BlameDataCollector.BlameCollector, Microsoft.TestPlatform.Extensions.BlameDataCollector, Version=15.0.0.0, Culture=neutral, PublicKeyToken=b03f5f7f11d50a3a' inside file 'C:\Program Files\dotnet\sdk\7.0.103\Extensions\Microsoft.TestPlatform.Extensions.BlameDataCollector.dll'
TpTrace Information: 0 : 23028, 1, 2023/04/21, 17:27:41.046, 13063950971063, datacollector.dll, AssemblyResolver.OnResolve: Microsoft.TestPlatform.Extensions.EventLogCollector: Resolving assembly.
TpTrace Information: 0 : 23028, 1, 2023/04/21, 17:27:41.046, 13063950971343, datacollector.dll, AssemblyResolver.OnResolve: Microsoft.TestPlatform.Extensions.EventLogCollector: Searching in: 'C:\Program Files\dotnet\sdk\7.0.103\Extensions'.
TpTrace Information: 0 : 23028, 1, 2023/04/21, 17:27:41.047, 13063950975352, datacollector.dll, AssemblyResolver.OnResolve: Microsoft.TestPlatform.Extensions.EventLogCollector: Loading assembly 'C:\Program Files\dotnet\sdk\7.0.103\Extensions\Microsoft.TestPlatform.Extensions.EventLogCollector.dll'.
TpTrace Information: 0 : 23028, 1, 2023/04/21, 17:27:41.047, 13063950979054, datacollector.dll, AssemblyResolver.OnResolve: Resolved assembly: Microsoft.TestPlatform.Extensions.EventLogCollector, from path: C:\Program Files\dotnet\sdk\7.0.103\Extensions\Microsoft.TestPlatform.Extensions.EventLogCollector.dll
TpTrace Verbose: 0 : 23028, 1, 2023/04/21, 17:27:41.047, 13063950979610, datacollector.dll, MetadataReaderExtensionsHelper: Discovering extensions inside assembly 'Microsoft.TestPlatform.Extensions.EventLogCollector, Version=15.0.0.0, Culture=neutral, PublicKeyToken=b03f5f7f11d50a3a' file path 'C:\Program Files\dotnet\sdk\7.0.103\Extensions\Microsoft.TestPlatform.Extensions.EventLogCollector.dll'
TpTrace Error: 0 : 23028, 1, 2023/04/21, 17:27:41.049, 13063951001967, datacollector.dll, The type "Microsoft.TestPlatform.Extensions.EventLogCollector.EventLogDataCollector" defined in "Microsoft.TestPlatform.Extensions.EventLogCollector.dll" does not have ExtensionUri attribute.
TpTrace Information: 0 : 23028, 1, 2023/04/21, 17:27:41.050, 13063951003391, datacollector.dll, GetTestExtensionFromType: Register extension with identifier data 'datacollector://microsoft/EventLog/2.0' and type 'Microsoft.TestPlatform.Extensions.EventLogCollector.EventLogDataCollector, Microsoft.TestPlatform.Extensions.EventLogCollector, Version=15.0.0.0, Culture=neutral, PublicKeyToken=b03f5f7f11d50a3a' inside file 'C:\Program Files\dotnet\sdk\7.0.103\Extensions\Microsoft.TestPlatform.Extensions.EventLogCollector.dll'
TpTrace Verbose: 0 : 23028, 1, 2023/04/21, 17:27:41.050, 13063951005207, datacollector.dll, TestPluginCache: Discovered the extensions using extension path 'C:\Program Files\dotnet\sdk\7.0.103\Extensions\Microsoft.TestPlatform.Extensions.BlameDataCollector.dll,C:\Program Files\dotnet\sdk\7.0.103\Extensions\Microsoft.TestPlatform.Extensions.EventLogCollector.dll'.
TpTrace Verbose: 0 : 23028, 1, 2023/04/21, 17:27:41.050, 13063951005631, datacollector.dll, TestPluginCache: Discoverers are ''.
TpTrace Verbose: 0 : 23028, 1, 2023/04/21, 17:27:41.050, 13063951005868, datacollector.dll, TestPluginCache: Executors are ''.
TpTrace Verbose: 0 : 23028, 1, 2023/04/21, 17:27:41.050, 13063951006142, datacollector.dll, TestPluginCache: Executors2 are ''.
TpTrace Verbose: 0 : 23028, 1, 2023/04/21, 17:27:41.050, 13063951006320, datacollector.dll, TestPluginCache: Setting providers are ''.
TpTrace Verbose: 0 : 23028, 1, 2023/04/21, 17:27:41.050, 13063951006489, datacollector.dll, TestPluginCache: Loggers are ''.
TpTrace Verbose: 0 : 23028, 1, 2023/04/21, 17:27:41.050, 13063951006656, datacollector.dll, TestPluginCache: TestHosts are ''.
TpTrace Verbose: 0 : 23028, 1, 2023/04/21, 17:27:41.050, 13063951008244, datacollector.dll, TestPluginCache: DataCollectors are 'datacollector://microsoft/TestPlatform/Extensions/Blame/v1,datacollector://microsoft/EventLog/2.0'.
TpTrace Information: 0 : 23028, 1, 2023/04/21, 17:27:41.051, 13063951018169, datacollector.dll, TestPluginManager.CreateTestExtension: Attempting to load test extension: Microsoft.TestPlatform.Extensions.BlameDataCollector.BlameCollector
TpTrace Verbose: 0 : 23028, 1, 2023/04/21, 17:27:41.055, 13063951054978, datacollector.dll, MulticastDelegateUtilities.SafeInvoke: DataCollectionEvents.SessionStart: Invoking callbacks was skipped because there are no subscribers.
TpTrace Information: 0 : 23028, 1, 2023/04/21, 17:27:41.055, 13063951058232, datacollector.dll, Listening on Endpoint : 127.0.0.1:53264
TpTrace Information: 0 : 23028, 1, 2023/04/21, 17:27:41.061, 13063951117500, datacollector.dll, DataCollectionRequestHandler.ProcessRequests : DataCollection started.
TpTrace Information: 0 : 23028, 1, 2023/04/21, 17:27:41.075, 13063951261789, datacollector.dll, DataCollectionRequestHandler.ProcessRequests: Datacollector received message: (DataCollection.TestHostLaunched) -> {"MessageType":"DataCollection.TestHostLaunched","Payload":{"ProcessId":5336}}
TpTrace Verbose: 0 : 23028, 1, 2023/04/21, 17:27:41.077, 13063951274837, datacollector.dll, MulticastDelegateUtilities.SafeInvoke: DataCollectionEvents.TestHostLaunched: Invoking callback 1/1 for Microsoft.TestPlatform.Extensions.BlameDataCollector.BlameCollector., took 0 ms.
TpTrace Information: 0 : 23028, 8, 2023/04/21, 17:27:41.203, 13063952538864, datacollector.dll, Using the buffer size of 16384 bytes
TpTrace Verbose: 0 : 23028, 6, 2023/04/21, 17:27:41.203, 13063952539158, datacollector.dll, SocketCommunicationManager.WaitForClientConnection took: 145 ms, with 90000 ms timeout, and finished with True.
TpTrace Information: 0 : 23028, 8, 2023/04/21, 17:27:41.203, 13063952539797, datacollector.dll, Accepted Client request and set the flag
TpTrace Information: 0 : 23028, 6, 2023/04/21, 17:27:41.674, 13063957247468, datacollector.dll, DataCollectionTestCaseEventHandler: Test case starting.
TpTrace Information: 0 : 23028, 6, 2023/04/21, 17:27:41.685, 13063957357905, datacollector.dll, BlameCollector.EventsTestCaseStart: Test Case Start
TpTrace Verbose: 0 : 23028, 6, 2023/04/21, 17:27:41.685, 13063957360982, datacollector.dll, MulticastDelegateUtilities.SafeInvoke: DataCollectionEvents.TestCaseStart: Invoking callback 1/1 for Microsoft.TestPlatform.Extensions.BlameDataCollector.BlameCollector., took 0 ms.
TpTrace Information: 0 : 23028, 6, 2023/04/21, 17:27:41.686, 13063957363537, datacollector.dll, DataCollectionTestCaseEventHandler: Test case 'Test1 - c8c7dc64-3062-c5b2-838d-013cfda280f8' started.
TpTrace Information: 0 : 23028, 6, 2023/04/21, 17:27:52.189, 13064062397760, datacollector.dll, DataCollectionTestCaseEventHandler: Test case completing.
TpTrace Information: 0 : 23028, 6, 2023/04/21, 17:27:52.192, 13064062425106, datacollector.dll, BlameCollector.EventsTestCaseEnd: Test Case End
TpTrace Verbose: 0 : 23028, 6, 2023/04/21, 17:27:52.192, 13064062427291, datacollector.dll, MulticastDelegateUtilities.SafeInvoke: DataCollectionEvents.TestCaseEnd: Invoking callback 1/1 for Microsoft.TestPlatform.Extensions.BlameDataCollector.BlameCollector., took 0 ms.
TpTrace Information: 0 : 23028, 6, 2023/04/21, 17:27:52.195, 13064062454011, datacollector.dll, DataCollectionTestCaseEventHandler: Test case 'Test1 - c8c7dc64-3062-c5b2-838d-013cfda280f8' completed
TpTrace Information: 0 : 23028, 6, 2023/04/21, 17:27:52.209, 13064062600692, datacollector.dll, DataCollectionTestCaseEventHandler: Test session ended
TpTrace Information: 0 : 23028, 1, 2023/04/21, 17:27:52.247, 13064062977416, datacollector.dll, DataCollectionRequestHandler.ProcessRequests: Datacollector received message: (DataCollection.AfterTestRunEnd) -> {"MessageType":"DataCollection.AfterTestRunEnd","Payload":false}
TpTrace Information: 0 : 23028, 1, 2023/04/21, 17:27:52.248, 13064062984402, datacollector.dll, Blame Collector: Session End
TpTrace Information: 0 : 23028, 1, 2023/04/21, 17:27:52.248, 13064062984853, datacollector.dll, BlameCollector.CollectDumpAndAbortTesthost: Custom path to dump directory was provided via VSTEST_DUMP_PATH. Skipping attachment upload, the caller is responsible for collecting and uploading the dumps themselves.
TpTrace Verbose: 0 : 23028, 1, 2023/04/21, 17:27:52.248, 13064062985431, datacollector.dll, MulticastDelegateUtilities.SafeInvoke: DataCollectionEvents.SessionEnd: Invoking callback 1/1 for Microsoft.TestPlatform.Extensions.BlameDataCollector.BlameCollector., took 0 ms.
TpTrace Information: 0 : 23028, 1, 2023/04/21, 17:27:52.248, 13064062990033, datacollector.dll, DataCollectionManager.CleanupPlugins: CleanupPlugins called
TpTrace Verbose: 0 : 23028, 1, 2023/04/21, 17:27:52.248, 13064062990437, datacollector.dll, DataCollectionManager.CleanupPlugins: Cleaning up 1 plugins
TpTrace Verbose: 0 : 23028, 1, 2023/04/21, 17:27:52.248, 13064062991643, datacollector.dll, dataCollectorInfo.DisposeDataCollector: calling Dispose() on Microsoft.TestPlatform.Extensions.BlameDataCollector.BlameCollector
TpTrace Information: 0 : 23028, 1, 2023/04/21, 17:27:52.248, 13064062992194, datacollector.dll, DataCollectionManager.CleanupPlugins: CleanupPlugins finished
TpTrace Information: 0 : 23028, 1, 2023/04/21, 17:27:52.253, 13064063035886, datacollector.dll, DataCollectionRequestHandler.ProcessRequests : Session End message received from server. Closing the connection.
TpTrace Information: 0 : 23028, 1, 2023/04/21, 17:27:52.253, 13064063037733, datacollector.dll, Closing the connection !
TpTrace Information: 0 : 23028, 1, 2023/04/21, 17:27:52.253, 13064063038083, datacollector.dll, DataCollectionRequestHandler.ProcessRequests : DataCollection completed
TpTrace Information: 0 : 23028, 1, 2023/04/21, 17:27:52.253, 13064063038344, datacollector.dll, Program.Main: exiting datacollector process.
